
> wwhooks@1.1.2 build D:\ownerCode\wwhooks\packages\wwhooks
> father build

info  - Clean output directories
info  - Bundless for src directory to esm format
event - Bundless src/common/dom.ts to dist\esm\common\dom.js (with declaration)
event - Bundless src/common/interface.ts to dist\esm\common\interface.js (with declaration)
event - Bundless src/common/isBrowser.ts to dist\esm\common\isBrowser.js (with declaration)
event - Bundless src/common/utils.ts to dist\esm\common\utils.js (with declaration)
event - Bundless src/global.css to dist\esm\global.css
event - Bundless src/hooks/useArray/index.ts to dist\esm\hooks\useArray\index.js (with declaration)
event - Bundless src/hooks/useBoolean/index.tsx to dist\esm\hooks\useBoolean\index.js (with declaration)
event - Bundless src/hooks/useClick/index.ts to dist\esm\hooks\useClick\index.js (with declaration)
event - Bundless src/hooks/useClickAway/index.ts to dist\esm\hooks\useClickAway\index.js (with declaration)
event - Bundless src/hooks/useClipboardText/index.ts to dist\esm\hooks\useClipboardText\index.js (with declaration)
event - Bundless src/hooks/useDebounceFn/index.ts to dist\esm\hooks\useDebounceFn\index.js (with declaration)
event - Bundless src/hooks/useDynamicList/index.ts to dist\esm\hooks\useDynamicList\index.js (with declaration)
event - Bundless src/hooks/useDynamicList/interface.ts to dist\esm\hooks\useDynamicList\interface.js (with declaration)
event - Bundless src/hooks/useDynamicList/utils/getUpdateDistance.ts to dist\esm\hooks\useDynamicList\utils\getUpdateDistance.js (with declaration)
event - Bundless src/hooks/useDynamicList/utils/scroll.ts to dist\esm\hooks\useDynamicList\utils\scroll.js (with declaration)
event - Bundless src/hooks/useEasyStore/index.tsx to dist\esm\hooks\useEasyStore\index.js (with declaration)
event - Bundless src/hooks/useElementIsScroll/index.ts to dist\esm\hooks\useElementIsScroll\index.js (with declaration)
event - Bundless src/hooks/useEventListener/index.ts to dist\esm\hooks\useEventListener\index.js (with declaration)
event - Bundless src/hooks/useHash/index.ts to dist\esm\hooks\useHash\index.js (with declaration)
event - Bundless src/hooks/useHover/index.ts to dist\esm\hooks\useHover\index.js (with declaration)
event - Bundless src/hooks/useHover/interface.ts to dist\esm\hooks\useHover\interface.js (with declaration)
event - Bundless src/hooks/useIntersectionObserver/index.ts to dist\esm\hooks\useIntersectionObserver\index.js (with declaration)
event - Bundless src/hooks/useIntervalFn/index.tsx to dist\esm\hooks\useIntervalFn\index.js (with declaration)
event - Bundless src/hooks/useLatest/index.tsx to dist\esm\hooks\useLatest\index.js (with declaration)
event - Bundless src/hooks/useLockScroll/index.ts to dist\esm\hooks\useLockScroll\index.js (with declaration)
event - Bundless src/hooks/useMount/index.tsx to dist\esm\hooks\useMount\index.js (with declaration)
event - Bundless src/hooks/useMountedState/index.ts to dist\esm\hooks\useMountedState\index.js (with declaration)
event - Bundless src/hooks/useMouse/index.ts to dist\esm\hooks\useMouse\index.js (with declaration)
event - Bundless src/hooks/useMutationObserver/index.ts to dist\esm\hooks\useMutationObserver\index.js (with declaration)
event - Bundless src/hooks/useNumber/index.ts to dist\esm\hooks\useNumber\index.js (with declaration)
event - Bundless src/hooks/useObject/index.ts to dist\esm\hooks\useObject\index.js (with declaration)
event - Bundless src/hooks/usePersistFn/index.ts to dist\esm\hooks\usePersistFn\index.js (with declaration)
event - Bundless src/hooks/usePosition/index.ts to dist\esm\hooks\usePosition\index.js (with declaration)
event - Bundless src/hooks/usePrevious/index.ts to dist\esm\hooks\usePrevious\index.js (with declaration)
event - Bundless src/hooks/usePromise/index.ts to dist\esm\hooks\usePromise\index.js (with declaration)
event - Bundless src/hooks/usePromise/interface.ts to dist\esm\hooks\usePromise\interface.js (with declaration)
event - Bundless src/hooks/useReactive/index.ts to dist\esm\hooks\useReactive\index.js (with declaration)
event - Bundless src/hooks/useResizeObserver/index.ts to dist\esm\hooks\useResizeObserver\index.js (with declaration)
event - Bundless src/hooks/useScroll/index.ts to dist\esm\hooks\useScroll\index.js (with declaration)
event - Bundless src/hooks/useSize/index.ts to dist\esm\hooks\useSize\index.js (with declaration)
event - Bundless src/hooks/useStorage/Demo/useLocalStorage/Demo2.tsx to dist\esm\hooks\useStorage\Demo\useLocalStorage\Demo2.js (with declaration)
event - Bundless src/hooks/useStorage/Demo/useLocalStorage/index.tsx to dist\esm\hooks\useStorage\Demo\useLocalStorage\index.js (with declaration)
event - Bundless src/hooks/useStorage/Demo/useSessionStorage/Demo2.tsx to dist\esm\hooks\useStorage\Demo\useSessionStorage\Demo2.js (with declaration)
event - Bundless src/hooks/useStorage/Demo/useSessionStorage/index.tsx to dist\esm\hooks\useStorage\Demo\useSessionStorage\index.js (with declaration)
event - Bundless src/hooks/useStorage/index.tsx to dist\esm\hooks\useStorage\index.js (with declaration)
event - Bundless src/hooks/useStore/index.tsx to dist\esm\hooks\useStore\index.js (with declaration)
event - Bundless src/hooks/useSyncScroll/index.ts to dist\esm\hooks\useSyncScroll\index.js (with declaration)
event - Bundless src/hooks/useThrottleFn/index.ts to dist\esm\hooks\useThrottleFn\index.js (with declaration)
event - Bundless src/hooks/useTimeoutFn/index.ts to dist\esm\hooks\useTimeoutFn\index.js (with declaration)
event - Bundless src/hooks/useTitle/index.tsx to dist\esm\hooks\useTitle\index.js (with declaration)
event - Bundless src/hooks/useToggle/index.ts to dist\esm\hooks\useToggle\index.js (with declaration)
event - Bundless src/hooks/useUnmount/index.tsx to dist\esm\hooks\useUnmount\index.js (with declaration)
event - Bundless src/hooks/useUpdate/index.ts to dist\esm\hooks\useUpdate\index.js (with declaration)
event - Bundless src/hooks/useUpdateEffect/index.ts to dist\esm\hooks\useUpdateEffect\index.js (with declaration)
event - Bundless src/hooks/useUrlState/index.ts to dist\esm\hooks\useUrlState\index.js (with declaration)
event - Bundless src/hooks/useVirtualList/index.ts to dist\esm\hooks\useVirtualList\index.js (with declaration)
event - Bundless src/hooks/useVirtualList/interface.ts to dist\esm\hooks\useVirtualList\interface.js (with declaration)
event - Bundless src/hooks/useVirtualTable/index.ts to dist\esm\hooks\useVirtualTable\index.js (with declaration)
event - Bundless src/hooks/useVirtualTable/interface.ts to dist\esm\hooks\useVirtualTable\interface.js (with declaration)
event - Bundless src/hooks/useVirtualTable/utils/getUpdateDistance.ts to dist\esm\hooks\useVirtualTable\utils\getUpdateDistance.js (with declaration)
event - Bundless src/hooks/useVirtualTable/utils/scroll.ts to dist\esm\hooks\useVirtualTable\utils\scroll.js (with declaration)
event - Bundless src/hooks/useVisible/index.ts to dist\esm\hooks\useVisible\index.js (with declaration)
event - Bundless src/hooks/useWindowIsScroll/index.ts to dist\esm\hooks\useWindowIsScroll\index.js (with declaration)
event - Bundless src/index.ts to dist\esm\index.js (with declaration)
event - Bundless src/utils/colSpan/index.ts to dist\esm\utils\colSpan\index.js (with declaration)
event - Bundless src/utils/IsType/index.ts to dist\esm\utils\IsType\index.js (with declaration)
event - Bundless src/utils/setDefaultArguments/index.ts to dist\esm\utils\setDefaultArguments\index.js (with declaration)
event - Generate declaration files...
event - Transformed successfully in 666 ms (67 files)
